Using pre-set license
Built from '2020.3/staging' branch; Version is '2020.3.9f1 (108be757e447) revision 1084391'; Using compiler version '192528614'; Build Type 'Release'
OS: 'Windows 10 Home; OS build 19042.1348; Version 2009; 64bit' Language: 'en' Physical Memory: 16252 MB
BatchMode: 1, IsHumanControllingUs: 0, StartBugReporterOnCrash: 0, Is64bit: 1, IsPro: 0

 COMMAND LINE ARGUMENTS:
C:\Program Files\Unity\Hub\Editor\2020.3.9f1\Editor\Unity.exe
-adb2
-batchMode
-noUpm
-name
AssetImportWorker0
-projectPath
D:/OneDrive/Documents/CollegeUnity/Final Project/Final-Project/FinalProject
-logFile
Logs/AssetImportWorker0.log
-srvPort
51110
Successfully changed project path to: D:/OneDrive/Documents/CollegeUnity/Final Project/Final-Project/FinalProject
D:/OneDrive/Documents/CollegeUnity/Final Project/Final-Project/FinalProject
Using Asset Import Pipeline V2.
Refreshing native plugins compatible for Editor in 67.91 ms, found 3 plugins.
Preloading 1 native plugins for Editor in 0.99 ms.
Initialize engine version: 2020.3.9f1 (108be757e447)
[Subsystems] Discovering subsystems at path C:/Program Files/Unity/Hub/Editor/2020.3.9f1/Editor/Data/Resources/UnitySubsystems
[Subsystems] Discovering subsystems at path D:/OneDrive/Documents/CollegeUnity/Final Project/Final-Project/FinalProject/Assets
GfxDevice: creating device client; threaded=0
Direct3D:
    Version:  Direct3D 11.0 [level 11.1]
    Renderer: NVIDIA GeForce GTX 1660 Ti (ID=0x2191)
    Vendor:   
    VRAM:     5991 MB
    Driver:   27.21.14.5749
Initialize mono
Mono path[0] = 'C:/Program Files/Unity/Hub/Editor/2020.3.9f1/Editor/Data/Managed'
Mono path[1] = 'C:/Program Files/Unity/Hub/Editor/2020.3.9f1/Editor/Data/MonoBleedingEdge/lib/mono/unityjit'
Mono config path = 'C:/Program Files/Unity/Hub/Editor/2020.3.9f1/Editor/Data/MonoBleedingEdge/etc'
Using monoOptions --debugger-agent=transport=dt_socket,embedding=1,server=y,suspend=n,address=127.0.0.1:56380
Begin MonoManager ReloadAssembly
Registering precompiled unity dll's ...
Register platform support module: C:/Program Files/Unity/Hub/Editor/2020.3.9f1/Editor/Data/PlaybackEngines/WindowsStandaloneSupport/UnityEditor.WindowsStandalone.Extensions.dll
Registered in 0.001925 seconds.
Native extension for WindowsStandalone target not found
Refreshing native plugins compatible for Editor in 60.43 ms, found 3 plugins.
Preloading 1 native plugins for Editor in 0.09 ms.
Mono: successfully reloaded assembly
- Completed reload, in  1.888 seconds
Platform modules already initialized, skipping
Registering precompiled user dll's ...
Registered in 0.002961 seconds.
Begin MonoManager ReloadAssembly
Native extension for WindowsStandalone target not found
Refreshing native plugins compatible for Editor in 59.49 ms, found 3 plugins.
Preloading 1 native plugins for Editor in 0.09 ms.
[XR] OculusXRPlugin: registering subsystems
[XR] Unable to register display lifecyle provider: [1]
[XR] Oculus Input lifecycle provider registered.
[XR] Unable to register input lifecyle provider: [1]
NullReferenceException: Object reference not set to an instance of an object
  at Unity.XR.Oculus.OculusLoader.AssetPathToAbsolutePath (System.String assetPath) [0x00048] in D:\OneDrive\Documents\CollegeUnity\Unity-Projects\FinalProject\Library\PackageCache\com.unity.xr.oculus@1.9.1\Runtime\OculusLoader.cs:249 
  at Unity.XR.Oculus.OculusLoader.EditorLoadOVRPlugin () [0x0007b] in D:\OneDrive\Documents\CollegeUnity\Unity-Projects\FinalProject\Library\PackageCache\com.unity.xr.oculus@1.9.1\Runtime\OculusLoader.cs:234 

(Filename: D:/OneDrive/Documents/CollegeUnity/Unity-Projects/FinalProject/Library/PackageCache/com.unity.xr.oculus@1.9.1/Runtime/OculusLoader.cs Line: 249)

Mono: successfully reloaded assembly
- Completed reload, in  1.209 seconds
Platform modules already initialized, skipping
========================================================================
Worker process is ready to serve import requests
Shader 'Universal Render Pipeline/Particles/Lit': fallback shader 'Universal Render Pipeline/Particles/SimpleLit' not found
Shader 'Universal Render Pipeline/Particles/Lit': fallback shader 'Universal Render Pipeline/Particles/SimpleLit' not found
Launched and connected shader compiler UnityShaderCompiler.exe after 0.05 seconds
Refreshing native plugins compatible for Editor in 0.63 ms, found 3 plugins.
Preloading 1 native plugins for Editor in 0.08 ms.
Unloading 3538 Unused Serialized files (Serialized files now loaded: 0)
System memory in use before: 161.2 MB.
System memory in use after: 158.5 MB.

Unloading 50 unused Assets to reduce memory usage. Loaded Objects now: 3951.
Total: 4.912000 ms (FindLiveObjects: 0.352900 ms CreateObjectMapping: 0.178400 ms MarkObjects: 2.667700 ms  DeleteObjects: 1.711200 ms)

========================================================================
Received Import Request.
  path: Assets/Audio/Artifact.wav
  artifactKey: Guid(f0d6c314ca59aa1449924837500e1153) Importer(815301076,1909f56bfc062723c751e8b465ee728b)
Start importing Assets/Audio/Artifact.wav using Guid(f0d6c314ca59aa1449924837500e1153) Importer(815301076,1909f56bfc062723c751e8b465ee728b)  -> (artifact id: '1275b4b9990dce25a65775433cdb47f4') in 0.108346 seconds
  Import took 0.116734 seconds .

========================================================================
Received Import Request.
  Time since last request: 10.142685 seconds.
  path: Assets/Audio/Artifact.wav
  artifactKey: Guid(f0d6c314ca59aa1449924837500e1153) Importer(815301076,1909f56bfc062723c751e8b465ee728b)
Start importing Assets/Audio/Artifact.wav using Guid(f0d6c314ca59aa1449924837500e1153) Importer(815301076,1909f56bfc062723c751e8b465ee728b)  -> (artifact id: '4d65e2ba215c4dad19cac2959a72e516') in 0.025971 seconds
  Import took 0.033137 seconds .

========================================================================
Received Import Request.
  Time since last request: 6.894706 seconds.
  path: Assets/Audio/Creak.wav
  artifactKey: Guid(a040e65c1a56b8d46b13bb22b19d9b71) Importer(815301076,1909f56bfc062723c751e8b465ee728b)
Start importing Assets/Audio/Creak.wav using Guid(a040e65c1a56b8d46b13bb22b19d9b71) Importer(815301076,1909f56bfc062723c751e8b465ee728b)  -> (artifact id: '8bde2e33e5c645d4981e9bdbc76ab06e') in 0.005774 seconds
  Import took 0.014368 seconds .

========================================================================
Received Import Request.
  Time since last request: 23.350793 seconds.
  path: Assets/Audio/WindMono.wav
  artifactKey: Guid(ee83ba859e469474e8562763e6326983) Importer(815301076,1909f56bfc062723c751e8b465ee728b)
Start importing Assets/Audio/WindMono.wav using Guid(ee83ba859e469474e8562763e6326983) Importer(815301076,1909f56bfc062723c751e8b465ee728b)  -> (artifact id: 'dc6fe82b20204386b0e82c1e0e2ee0c2') in 0.006493 seconds
  Import took 0.015246 seconds .

