Using pre-set license
Built from '2020.3/staging' branch; Version is '2020.3.9f1 (108be757e447) revision 1084391'; Using compiler version '192528614'; Build Type 'Release'
OS: 'Windows 10 Home; OS build 19042.1348; Version 2009; 64bit' Language: 'en' Physical Memory: 16252 MB
BatchMode: 1, IsHumanControllingUs: 0, StartBugReporterOnCrash: 0, Is64bit: 1, IsPro: 0

 COMMAND LINE ARGUMENTS:
C:\Program Files\Unity\Hub\Editor\2020.3.9f1\Editor\Unity.exe
-adb2
-batchMode
-noUpm
-name
AssetImportWorker2
-projectPath
D:/OneDrive/Documents/CollegeUnity/Unity-Projects/FinalProject
-logFile
Logs/AssetImportWorker2.log
-srvPort
61121
Successfully changed project path to: D:/OneDrive/Documents/CollegeUnity/Unity-Projects/FinalProject
D:/OneDrive/Documents/CollegeUnity/Unity-Projects/FinalProject
Using Asset Import Pipeline V2.
Refreshing native plugins compatible for Editor in 94.19 ms, found 3 plugins.
Preloading 1 native plugins for Editor in 1.49 ms.
Initialize engine version: 2020.3.9f1 (108be757e447)
[Subsystems] Discovering subsystems at path C:/Program Files/Unity/Hub/Editor/2020.3.9f1/Editor/Data/Resources/UnitySubsystems
[Subsystems] Discovering subsystems at path D:/OneDrive/Documents/CollegeUnity/Unity-Projects/FinalProject/Assets
GfxDevice: creating device client; threaded=0
Direct3D:
    Version:  Direct3D 11.0 [level 11.1]
    Renderer: NVIDIA GeForce GTX 1660 Ti (ID=0x2191)
    Vendor:   
    VRAM:     5991 MB
    Driver:   27.21.14.5749
Initialize mono
Mono path[0] = 'C:/Program Files/Unity/Hub/Editor/2020.3.9f1/Editor/Data/Managed'
Mono path[1] = 'C:/Program Files/Unity/Hub/Editor/2020.3.9f1/Editor/Data/MonoBleedingEdge/lib/mono/unityjit'
Mono config path = 'C:/Program Files/Unity/Hub/Editor/2020.3.9f1/Editor/Data/MonoBleedingEdge/etc'
Using monoOptions --debugger-agent=transport=dt_socket,embedding=1,server=y,suspend=n,address=127.0.0.1:56456
Begin MonoManager ReloadAssembly
Registering precompiled unity dll's ...
Register platform support module: C:/Program Files/Unity/Hub/Editor/2020.3.9f1/Editor/Data/PlaybackEngines/WindowsStandaloneSupport/UnityEditor.WindowsStandalone.Extensions.dll
Registered in 0.002224 seconds.
Native extension for WindowsStandalone target not found
Refreshing native plugins compatible for Editor in 55.28 ms, found 3 plugins.
Preloading 1 native plugins for Editor in 0.14 ms.
Mono: successfully reloaded assembly
- Completed reload, in  2.158 seconds
Platform modules already initialized, skipping
Registering precompiled user dll's ...
Registered in 0.003272 seconds.
Begin MonoManager ReloadAssembly
Native extension for WindowsStandalone target not found
Refreshing native plugins compatible for Editor in 57.81 ms, found 3 plugins.
Preloading 1 native plugins for Editor in 0.09 ms.
[XR] OculusXRPlugin: registering subsystems
[XR] Unable to register display lifecyle provider: [1]
[XR] Oculus Input lifecycle provider registered.
[XR] Unable to register input lifecyle provider: [1]
NullReferenceException: Object reference not set to an instance of an object
  at Unity.XR.Oculus.OculusLoader.AssetPathToAbsolutePath (System.String assetPath) [0x00048] in D:\OneDrive\Documents\CollegeUnity\Unity-Projects\FinalProject\Library\PackageCache\com.unity.xr.oculus@1.9.1\Runtime\OculusLoader.cs:249 
  at Unity.XR.Oculus.OculusLoader.EditorLoadOVRPlugin () [0x0007b] in D:\OneDrive\Documents\CollegeUnity\Unity-Projects\FinalProject\Library\PackageCache\com.unity.xr.oculus@1.9.1\Runtime\OculusLoader.cs:234 

(Filename: Library/PackageCache/com.unity.xr.oculus@1.9.1/Runtime/OculusLoader.cs Line: 249)

Mono: successfully reloaded assembly
- Completed reload, in  1.087 seconds
Platform modules already initialized, skipping
========================================================================
Worker process is ready to serve import requests
Shader 'Universal Render Pipeline/Particles/Lit': fallback shader 'Universal Render Pipeline/Particles/SimpleLit' not found
Shader 'Universal Render Pipeline/Particles/Lit': fallback shader 'Universal Render Pipeline/Particles/SimpleLit' not found
Launched and connected shader compiler UnityShaderCompiler.exe after 0.08 seconds
Refreshing native plugins compatible for Editor in 1.20 ms, found 3 plugins.
Preloading 1 native plugins for Editor in 0.13 ms.
Unloading 3295 Unused Serialized files (Serialized files now loaded: 0)
System memory in use before: 143.0 MB.
System memory in use after: 140.2 MB.

Unloading 50 unused Assets to reduce memory usage. Loaded Objects now: 3704.
Total: 4.704000 ms (FindLiveObjects: 0.616300 ms CreateObjectMapping: 0.339600 ms MarkObjects: 2.393500 ms  DeleteObjects: 1.352900 ms)

========================================================================
Received Import Request.
  path: Assets/Samples/XR Interaction Toolkit/2.0.0-pre.5
  artifactKey: Guid(c1b3067f1dfc25942bccfc1e355f78e3) Importer(815301076,1909f56bfc062723c751e8b465ee728b)
Start importing Assets/Samples/XR Interaction Toolkit/2.0.0-pre.5 using Guid(c1b3067f1dfc25942bccfc1e355f78e3) Importer(815301076,1909f56bfc062723c751e8b465ee728b)  -> (artifact id: 'd610cba7871dc8fee94d75a9b2f5a4f4') in 0.006394 seconds
  Import took 0.012244 seconds .

========================================================================
Received Import Request.
  Time since last request: 0.000324 seconds.
  path: Assets/Samples/XR Interaction Toolkit/2.0.0-pre.5/Default Input Actions/XRI Default Left Controller.preset
  artifactKey: Guid(ffd8268f7307a0c48a067dad4a8fe060) Importer(815301076,1909f56bfc062723c751e8b465ee728b)
Start importing Assets/Samples/XR Interaction Toolkit/2.0.0-pre.5/Default Input Actions/XRI Default Left Controller.preset using Guid(ffd8268f7307a0c48a067dad4a8fe060) Importer(815301076,1909f56bfc062723c751e8b465ee728b)  -> (artifact id: 'da23bb4005e61638a6b440ebe73d397d') in 0.083068 seconds
  Import took 0.107981 seconds .

========================================================================
Received Import Request.
  Time since last request: 0.000343 seconds.
  path: Assets/Samples/XR Interaction Toolkit/2.0.0-pre.5/Default Input Actions
  artifactKey: Guid(f6b0d0133709df94c9d33015eae6e6b9) Importer(815301076,1909f56bfc062723c751e8b465ee728b)
Start importing Assets/Samples/XR Interaction Toolkit/2.0.0-pre.5/Default Input Actions using Guid(f6b0d0133709df94c9d33015eae6e6b9) Importer(815301076,1909f56bfc062723c751e8b465ee728b)  -> (artifact id: '3acde34557cf5773f183574c31eab0ca') in 0.003384 seconds
  Import took 0.009759 seconds .

========================================================================
Received Import Request.
  Time since last request: 0.000244 seconds.
  path: Assets/Samples/XR Interaction Toolkit
  artifactKey: Guid(45e84ebefa53096428bc917480558425) Importer(815301076,1909f56bfc062723c751e8b465ee728b)
Start importing Assets/Samples/XR Interaction Toolkit using Guid(45e84ebefa53096428bc917480558425) Importer(815301076,1909f56bfc062723c751e8b465ee728b)  -> (artifact id: '18333a0596d7adb58a35d79e8e0b8656') in 0.003261 seconds
  Import took 0.008669 seconds .

========================================================================
Received Import Request.
  Time since last request: 0.000225 seconds.
  path: Assets/Samples/XR Interaction Toolkit/2.0.0-pre.5/Default Input Actions/XRI Default Continuous Move.preset
  artifactKey: Guid(91f9da00cfdac5d49955df2d2d820b9c) Importer(815301076,1909f56bfc062723c751e8b465ee728b)
Start importing Assets/Samples/XR Interaction Toolkit/2.0.0-pre.5/Default Input Actions/XRI Default Continuous Move.preset using Guid(91f9da00cfdac5d49955df2d2d820b9c) Importer(815301076,1909f56bfc062723c751e8b465ee728b)  -> (artifact id: '7da3fe9c90d3328ccbda1acb67679066') in 0.014113 seconds
  Import took 0.021806 seconds .

========================================================================
Received Import Request.
  Time since last request: 0.000260 seconds.
  path: Assets/Samples/XR Interaction Toolkit/2.0.0-pre.5/Default Input Actions/XRI Default Snap Turn.preset
  artifactKey: Guid(18697d253d848974aa7052cba872c9f0) Importer(815301076,1909f56bfc062723c751e8b465ee728b)
Start importing Assets/Samples/XR Interaction Toolkit/2.0.0-pre.5/Default Input Actions/XRI Default Snap Turn.preset using Guid(18697d253d848974aa7052cba872c9f0) Importer(815301076,1909f56bfc062723c751e8b465ee728b)  -> (artifact id: '16670b800db6788a6c2019e24f3b4ddb') in 0.056669 seconds
  Import took 0.065726 seconds .

========================================================================
Received Import Request.
  Time since last request: 0.000409 seconds.
  path: Assets/Samples/XR Interaction Toolkit/2.0.0-pre.5/Default Input Actions/XRI Default Input Actions.inputactions
  artifactKey: Guid(c348712bda248c246b8c49b3db54643f) Importer(815301076,1909f56bfc062723c751e8b465ee728b)
Start importing Assets/Samples/XR Interaction Toolkit/2.0.0-pre.5/Default Input Actions/XRI Default Input Actions.inputactions using Guid(c348712bda248c246b8c49b3db54643f) Importer(815301076,1909f56bfc062723c751e8b465ee728b)  -> (artifact id: '01671cd33da9a295a30a92be702ca27e') in 0.019294 seconds
  Import took 0.026631 seconds .

========================================================================
Received Import Request.
  Time since last request: 0.000346 seconds.
  path: Assets/Samples/XR Interaction Toolkit/2.0.0-pre.5/Default Input Actions/XRI Default Continuous Turn.preset
  artifactKey: Guid(0caad3af14f9a414dbdf25ed41e5aa47) Importer(815301076,1909f56bfc062723c751e8b465ee728b)
Start importing Assets/Samples/XR Interaction Toolkit/2.0.0-pre.5/Default Input Actions/XRI Default Continuous Turn.preset using Guid(0caad3af14f9a414dbdf25ed41e5aa47) Importer(815301076,1909f56bfc062723c751e8b465ee728b)  -> (artifact id: 'e4ccefdc474ceb738a43be42fa0dd200') in 0.010457 seconds
  Import took 0.029090 seconds .

========================================================================
Received Import Request.
  Time since last request: 0.000462 seconds.
  path: Assets/Samples/XR Interaction Toolkit/2.0.0-pre.5/Default Input Actions/XRI Default Right Controller.preset
  artifactKey: Guid(1421ad86ff3787b4dae70fe9e699a25f) Importer(815301076,1909f56bfc062723c751e8b465ee728b)
Start importing Assets/Samples/XR Interaction Toolkit/2.0.0-pre.5/Default Input Actions/XRI Default Right Controller.preset using Guid(1421ad86ff3787b4dae70fe9e699a25f) Importer(815301076,1909f56bfc062723c751e8b465ee728b)  -> (artifact id: 'c95707fcd6162d51b579bd0bf92def4f') in 0.008873 seconds
  Import took 0.019670 seconds .

========================================================================
Received Prepare
Registering precompiled user dll's ...
Registered in 0.005490 seconds.
Begin MonoManager ReloadAssembly
Native extension for WindowsStandalone target not found
Refreshing native plugins compatible for Editor in 0.50 ms, found 0 plugins.
Preloading 0 native plugins for Editor in 0.00 ms.
Mono: successfully reloaded assembly
- Completed reload, in  1.755 seconds
Platform modules already initialized, skipping
Shader 'Universal Render Pipeline/Particles/Lit': fallback shader 'Universal Render Pipeline/Particles/SimpleLit' not found
Shader 'Universal Render Pipeline/Particles/Lit': fallback shader 'Universal Render Pipeline/Particles/SimpleLit' not found
Refreshing native plugins compatible for Editor in 0.61 ms, found 0 plugins.
Preloading 0 native plugins for Editor in 0.00 ms.
Unloading 2999 Unused Serialized files (Serialized files now loaded: 0)
System memory in use before: 134.4 MB.
System memory in use after: 131.7 MB.

Unloading 192 unused Assets to reduce memory usage. Loaded Objects now: 3524.
Total: 4.334200 ms (FindLiveObjects: 0.365300 ms CreateObjectMapping: 0.161800 ms MarkObjects: 2.290300 ms  DeleteObjects: 1.515500 ms)

========================================================================
Received Prepare
Registering precompiled user dll's ...
Registered in 0.002701 seconds.
Begin MonoManager ReloadAssembly
Native extension for WindowsStandalone target not found
Refreshing native plugins compatible for Editor in 0.80 ms, found 0 plugins.
Preloading 0 native plugins for Editor in 0.00 ms.
Mono: successfully reloaded assembly
- Completed reload, in  1.175 seconds
Platform modules already initialized, skipping
Shader 'Universal Render Pipeline/Particles/Lit': fallback shader 'Universal Render Pipeline/Particles/SimpleLit' not found
Shader 'Universal Render Pipeline/Particles/Lit': fallback shader 'Universal Render Pipeline/Particles/SimpleLit' not found
Refreshing native plugins compatible for Editor in 0.56 ms, found 0 plugins.
Preloading 0 native plugins for Editor in 0.00 ms.
Unloading 3017 Unused Serialized files (Serialized files now loaded: 0)
System memory in use before: 134.2 MB.
System memory in use after: 131.4 MB.

Unloading 42 unused Assets to reduce memory usage. Loaded Objects now: 3549.
Total: 4.173300 ms (FindLiveObjects: 0.391000 ms CreateObjectMapping: 0.205500 ms MarkObjects: 2.087800 ms  DeleteObjects: 1.487700 ms)

========================================================================
Received Prepare
Registering precompiled user dll's ...
Registered in 0.002658 seconds.
Begin MonoManager ReloadAssembly
Native extension for WindowsStandalone target not found
Refreshing native plugins compatible for Editor in 0.47 ms, found 0 plugins.
Preloading 0 native plugins for Editor in 0.00 ms.
Mono: successfully reloaded assembly
- Completed reload, in  0.972 seconds
Platform modules already initialized, skipping
Shader 'Universal Render Pipeline/Particles/Lit': fallback shader 'Universal Render Pipeline/Particles/SimpleLit' not found
Shader 'Universal Render Pipeline/Particles/Lit': fallback shader 'Universal Render Pipeline/Particles/SimpleLit' not found
Refreshing native plugins compatible for Editor in 0.49 ms, found 0 plugins.
Preloading 0 native plugins for Editor in 0.00 ms.
Unloading 3019 Unused Serialized files (Serialized files now loaded: 0)
System memory in use before: 134.3 MB.
System memory in use after: 131.5 MB.

Unloading 42 unused Assets to reduce memory usage. Loaded Objects now: 3555.
Total: 4.690800 ms (FindLiveObjects: 0.475400 ms CreateObjectMapping: 0.295000 ms MarkObjects: 2.267600 ms  DeleteObjects: 1.651400 ms)

========================================================================
Received Prepare
Registering precompiled user dll's ...
Registered in 0.002931 seconds.
Begin MonoManager ReloadAssembly
Native extension for WindowsStandalone target not found
Refreshing native plugins compatible for Editor in 0.57 ms, found 3 plugins.
Preloading 1 native plugins for Editor in 0.08 ms.
NullReferenceException: Object reference not set to an instance of an object
  at Unity.XR.Oculus.OculusLoader.AssetPathToAbsolutePath (System.String assetPath) [0x00048] in D:\OneDrive\Documents\CollegeUnity\Unity-Projects\FinalProject\Library\PackageCache\com.unity.xr.oculus@1.9.1\Runtime\OculusLoader.cs:249 
  at Unity.XR.Oculus.OculusLoader.EditorLoadOVRPlugin () [0x0007b] in D:\OneDrive\Documents\CollegeUnity\Unity-Projects\FinalProject\Library\PackageCache\com.unity.xr.oculus@1.9.1\Runtime\OculusLoader.cs:234 

(Filename: Library/PackageCache/com.unity.xr.oculus@1.9.1/Runtime/OculusLoader.cs Line: 249)

Mono: successfully reloaded assembly
- Completed reload, in  0.955 seconds
Platform modules already initialized, skipping
Shader 'Universal Render Pipeline/Particles/Lit': fallback shader 'Universal Render Pipeline/Particles/SimpleLit' not found
Shader 'Universal Render Pipeline/Particles/Lit': fallback shader 'Universal Render Pipeline/Particles/SimpleLit' not found
Refreshing native plugins compatible for Editor in 0.54 ms, found 3 plugins.
Preloading 1 native plugins for Editor in 0.08 ms.
Unloading 3033 Unused Serialized files (Serialized files now loaded: 0)
System memory in use before: 144.0 MB.
System memory in use after: 141.3 MB.

Unloading 42 unused Assets to reduce memory usage. Loaded Objects now: 3570.
Total: 4.001600 ms (FindLiveObjects: 0.295800 ms CreateObjectMapping: 0.171000 ms MarkObjects: 2.100300 ms  DeleteObjects: 1.433500 ms)

========================================================================
Received Prepare
Registering precompiled user dll's ...
Registered in 0.006991 seconds.
Begin MonoManager ReloadAssembly
Native extension for WindowsStandalone target not found
Refreshing native plugins compatible for Editor in 0.63 ms, found 3 plugins.
Preloading 1 native plugins for Editor in 0.09 ms.
NullReferenceException: Object reference not set to an instance of an object
  at Unity.XR.Oculus.OculusLoader.AssetPathToAbsolutePath (System.String assetPath) [0x00048] in D:\OneDrive\Documents\CollegeUnity\Unity-Projects\FinalProject\Library\PackageCache\com.unity.xr.oculus@1.9.1\Runtime\OculusLoader.cs:249 
  at Unity.XR.Oculus.OculusLoader.EditorLoadOVRPlugin () [0x0007b] in D:\OneDrive\Documents\CollegeUnity\Unity-Projects\FinalProject\Library\PackageCache\com.unity.xr.oculus@1.9.1\Runtime\OculusLoader.cs:234 

(Filename: Library/PackageCache/com.unity.xr.oculus@1.9.1/Runtime/OculusLoader.cs Line: 249)

Mono: successfully reloaded assembly
- Completed reload, in  1.027 seconds
Platform modules already initialized, skipping
Shader 'Universal Render Pipeline/Particles/Lit': fallback shader 'Universal Render Pipeline/Particles/SimpleLit' not found
Shader 'Universal Render Pipeline/Particles/Lit': fallback shader 'Universal Render Pipeline/Particles/SimpleLit' not found
Refreshing native plugins compatible for Editor in 0.60 ms, found 3 plugins.
Preloading 1 native plugins for Editor in 0.08 ms.
Unloading 3393 Unused Serialized files (Serialized files now loaded: 0)
System memory in use before: 160.4 MB.
System memory in use after: 155.7 MB.

Unloading 65 unused Assets to reduce memory usage. Loaded Objects now: 3913.
Total: 5.317600 ms (FindLiveObjects: 0.480200 ms CreateObjectMapping: 0.282400 ms MarkObjects: 2.120900 ms  DeleteObjects: 2.433100 ms)

========================================================================
Received Import Request.
  Time since last request: 1763.802473 seconds.
  path: Assets/XR/XRGeneralSettings.asset
  artifactKey: Guid(3957bcddf1e442c43bb1157275a7f48e) Importer(815301076,1909f56bfc062723c751e8b465ee728b)
Start importing Assets/XR/XRGeneralSettings.asset using Guid(3957bcddf1e442c43bb1157275a7f48e) Importer(815301076,1909f56bfc062723c751e8b465ee728b)  -> (artifact id: '68013706bcf4ad9d48b7e3065bbf3504') in 0.063197 seconds
  Import took 0.069751 seconds .

========================================================================
Received Import Request.
  Time since last request: 361.657293 seconds.
  path: Assets/XR/Loaders
  artifactKey: Guid(84fa267edcd0ee242b7852b3aceb9d34) Importer(815301076,1909f56bfc062723c751e8b465ee728b)
Start importing Assets/XR/Loaders using Guid(84fa267edcd0ee242b7852b3aceb9d34) Importer(815301076,1909f56bfc062723c751e8b465ee728b)  -> (artifact id: '11c84acdf1b8044189b3988166a35554') in 0.002327 seconds
  Import took 0.008595 seconds .

========================================================================
Received Import Request.
  Time since last request: 0.099605 seconds.
  path: Assets/XR/Loaders/AR Core Loader.asset
  artifactKey: Guid(8c1282aa190e1bd488727018e95cc1cc) Importer(815301076,1909f56bfc062723c751e8b465ee728b)
Start importing Assets/XR/Loaders/AR Core Loader.asset using Guid(8c1282aa190e1bd488727018e95cc1cc) Importer(815301076,1909f56bfc062723c751e8b465ee728b)  -> (artifact id: '55c7325d59332a9b49fdebb6d46c9fc6') in 0.014932 seconds
  Import took 0.020712 seconds .

========================================================================
Received Import Request.
  Time since last request: 0.000344 seconds.
  path: Assets/XR/Loaders/Oculus Loader.asset
  artifactKey: Guid(4063d608af58cb54b836b6641131b862) Importer(815301076,1909f56bfc062723c751e8b465ee728b)
Start importing Assets/XR/Loaders/Oculus Loader.asset using Guid(4063d608af58cb54b836b6641131b862) Importer(815301076,1909f56bfc062723c751e8b465ee728b)  -> (artifact id: 'ef714e44ca6f5f72704cf642f0268a52') in 0.003561 seconds
  Import took 0.009374 seconds .

========================================================================
Received Import Request.
  Time since last request: 1.797623 seconds.
  path: Assets/XR/Settings/AR Core Settings.asset
  artifactKey: Guid(dc3b1fe5e6cd2c241b78e4c4a08bb3f0) Importer(815301076,1909f56bfc062723c751e8b465ee728b)
Start importing Assets/XR/Settings/AR Core Settings.asset using Guid(dc3b1fe5e6cd2c241b78e4c4a08bb3f0) Importer(815301076,1909f56bfc062723c751e8b465ee728b)  -> (artifact id: '4100ce185a5d62520a24bf0444d06c1d') in 0.025581 seconds
  Import took 0.031088 seconds .

========================================================================
Received Import Request.
  Time since last request: 0.000331 seconds.
  path: Assets/XR/Settings/Oculus Settings.asset
  artifactKey: Guid(167dc0421bac8634ab6c5bdbba2067eb) Importer(815301076,1909f56bfc062723c751e8b465ee728b)
Start importing Assets/XR/Settings/Oculus Settings.asset using Guid(167dc0421bac8634ab6c5bdbba2067eb) Importer(815301076,1909f56bfc062723c751e8b465ee728b)  -> (artifact id: 'a398fac3cd06881ddbedb0a6a165e84c') in 0.023925 seconds
  Import took 0.028448 seconds .

========================================================================
Received Import Request.
  Time since last request: 3.088856 seconds.
  path: Assets/XRI/Settings
  artifactKey: Guid(8295a4ac0ae939c419838bfde603207c) Importer(815301076,1909f56bfc062723c751e8b465ee728b)
Start importing Assets/XRI/Settings using Guid(8295a4ac0ae939c419838bfde603207c) Importer(815301076,1909f56bfc062723c751e8b465ee728b)  -> (artifact id: 'fb34ccd7761048f3b1a291749066db92') in 0.002206 seconds
  Import took 0.008833 seconds .

========================================================================
Received Import Request.
  Time since last request: 0.084281 seconds.
  path: Assets/XRI/Settings/XRInteractionEditorSettings.asset
  artifactKey: Guid(7a4e9f75a9fe0474cb7b3c98cf0df295) Importer(815301076,1909f56bfc062723c751e8b465ee728b)
Start importing Assets/XRI/Settings/XRInteractionEditorSettings.asset using Guid(7a4e9f75a9fe0474cb7b3c98cf0df295) Importer(815301076,1909f56bfc062723c751e8b465ee728b)  -> (artifact id: 'd8859f6874b65e75e066a54641a71992') in 0.021684 seconds
  Import took 0.027879 seconds .

========================================================================
Received Import Request.
  Time since last request: 0.845784 seconds.
  path: Assets/XRI/Settings/Resources
  artifactKey: Guid(84de145bbf4e72547b45bf9f06389252) Importer(815301076,1909f56bfc062723c751e8b465ee728b)
Start importing Assets/XRI/Settings/Resources using Guid(84de145bbf4e72547b45bf9f06389252) Importer(815301076,1909f56bfc062723c751e8b465ee728b)  -> (artifact id: 'e25af4d5b1b1f16795a26a54e1dd3fcf') in 0.002135 seconds
  Import took 0.009773 seconds .

========================================================================
Received Import Request.
  Time since last request: 0.099714 seconds.
  path: Assets/XRI/Settings/Resources/InteractionLayerSettings.asset
  artifactKey: Guid(92fbe9dc22f835146a886d5350176ee9) Importer(815301076,1909f56bfc062723c751e8b465ee728b)
Start importing Assets/XRI/Settings/Resources/InteractionLayerSettings.asset using Guid(92fbe9dc22f835146a886d5350176ee9) Importer(815301076,1909f56bfc062723c751e8b465ee728b)  -> (artifact id: '793bd7bbfc4810614d0598c0291e5989') in 0.038319 seconds
  Import took 0.043438 seconds .

========================================================================
Received Import Request.
  Time since last request: 47.548780 seconds.
  path: Assets/VR Hands/Models
  artifactKey: Guid(42ccb30880cc91f45bb1a772d1e27752) Importer(815301076,1909f56bfc062723c751e8b465ee728b)
Start importing Assets/VR Hands/Models using Guid(42ccb30880cc91f45bb1a772d1e27752) Importer(815301076,1909f56bfc062723c751e8b465ee728b)  -> (artifact id: '176f32da337aa907d8eb18dd4e18523b') in 0.002021 seconds
  Import took 0.007909 seconds .

========================================================================
Received Import Request.
  Time since last request: 0.435717 seconds.
  path: Assets/VR Hands/Models/LeftHand.fbx
  artifactKey: Guid(39e4d137e4080334483d17fec8dd0086) Importer(815301076,1909f56bfc062723c751e8b465ee728b)
Start importing Assets/VR Hands/Models/LeftHand.fbx using Guid(39e4d137e4080334483d17fec8dd0086) Importer(815301076,1909f56bfc062723c751e8b465ee728b)  -> (artifact id: 'd9b12a9349a250973348e850fe778a4a') in 0.808763 seconds
  Import took 0.813985 seconds .

========================================================================
Received Import Request.
  Time since last request: 0.000201 seconds.
  path: Assets/VR Hands/Models/RightHand.fbx
  artifactKey: Guid(2ed8684bd2bcb9f4093db7df04b66619) Importer(815301076,1909f56bfc062723c751e8b465ee728b)
Start importing Assets/VR Hands/Models/RightHand.fbx using Guid(2ed8684bd2bcb9f4093db7df04b66619) Importer(815301076,1909f56bfc062723c751e8b465ee728b)  -> (artifact id: 'd2e6548abbf54591fc91e997eb25e92c') in 0.031203 seconds
  Import took 0.036951 seconds .

========================================================================
Received Import Request.
  Time since last request: 3251.212338 seconds.
  path: Assets/Presets/AudioCompressedInMemory.preset
  artifactKey: Guid(2dd802e4d37c65149922028d3e973832) Importer(815301076,1909f56bfc062723c751e8b465ee728b)
Start importing Assets/Presets/AudioCompressedInMemory.preset using Guid(2dd802e4d37c65149922028d3e973832) Importer(815301076,1909f56bfc062723c751e8b465ee728b)  -> (artifact id: 'ac4de02398cfe62c06251b0f50233ebf') in 0.082889 seconds
  Import took 0.182478 seconds .

========================================================================
Received Import Request.
  Time since last request: 0.000429 seconds.
  path: Assets/Presets/AudioStreaming.preset
  artifactKey: Guid(86bcce7f5575b54408aa0f3a7d321039) Importer(815301076,1909f56bfc062723c751e8b465ee728b)
Start importing Assets/Presets/AudioStreaming.preset using Guid(86bcce7f5575b54408aa0f3a7d321039) Importer(815301076,1909f56bfc062723c751e8b465ee728b)  -> (artifact id: '9982fbd60bc57b892b2c54d34a0163c0') in 0.021084 seconds
  Import took 0.053713 seconds .

========================================================================
Received Import Request.
  Time since last request: 0.000415 seconds.
  path: Assets/Presets/NormalTexture.preset
  artifactKey: Guid(14a57cf3b9fa1c74b884aa7e0dcf1faa) Importer(815301076,1909f56bfc062723c751e8b465ee728b)
Start importing Assets/Presets/NormalTexture.preset using Guid(14a57cf3b9fa1c74b884aa7e0dcf1faa) Importer(815301076,1909f56bfc062723c751e8b465ee728b)  -> (artifact id: '9c195482fc53bc4f53f643643f636469') in 0.030981 seconds
  Import took 0.037738 seconds .

========================================================================
Received Import Request.
  Time since last request: 0.000247 seconds.
  path: Assets/Presets/UtilityTexture.preset
  artifactKey: Guid(45f7b2e3c78185248b3adbb14429c2ab) Importer(815301076,1909f56bfc062723c751e8b465ee728b)
Start importing Assets/Presets/UtilityTexture.preset using Guid(45f7b2e3c78185248b3adbb14429c2ab) Importer(815301076,1909f56bfc062723c751e8b465ee728b)  -> (artifact id: 'ab9c1faeeb59b745cafa0ae79c874a42') in 0.005516 seconds
  Import took 0.014674 seconds .

========================================================================
Received Import Request.
  Time since last request: 85.696296 seconds.
  path: ProjectSettings/TagManager.asset
  artifactKey: Guid(00000000000000003000000000000000) Importer(815301076,1909f56bfc062723c751e8b465ee728b)
Start importing ProjectSettings/TagManager.asset using Guid(00000000000000003000000000000000) Importer(815301076,1909f56bfc062723c751e8b465ee728b)  -> (artifact id: 'fc42e30003074059bef8fb59cba1b257') in 0.004728 seconds
  Import took 0.013670 seconds .

========================================================================
Received Import Request.
  Time since last request: 65.280124 seconds.
  path: Assets
  artifactKey: Guid(00000000000000001000000000000000) Importer(815301076,1909f56bfc062723c751e8b465ee728b)
Start importing Assets using Guid(00000000000000001000000000000000) Importer(815301076,1909f56bfc062723c751e8b465ee728b)  -> (artifact id: '42d402b061de3733987d63b9cc3b64de') in 0.002346 seconds
  Import took 0.009949 seconds .

========================================================================
Received Import Request.
  Time since last request: 17.097102 seconds.
  path: Assets/Prefabs
  artifactKey: Guid(92d1087e9a4abd74b871c135282b3e83) Importer(815301076,1909f56bfc062723c751e8b465ee728b)
Start importing Assets/Prefabs using Guid(92d1087e9a4abd74b871c135282b3e83) Importer(815301076,1909f56bfc062723c751e8b465ee728b)  -> (artifact id: '24cd56e6caf2d3aa8a190c2d68fcf6f0') in 0.003063 seconds
  Import took 0.009196 seconds .

========================================================================
Received Import Request.
  Time since last request: 6.709017 seconds.
  path: Assets/Book.prefab
  artifactKey: Guid(d55b711f6c35d394e8dcb3f7b5fa0ad7) Importer(815301076,1909f56bfc062723c751e8b465ee728b)
Start importing Assets/Book.prefab using Guid(d55b711f6c35d394e8dcb3f7b5fa0ad7) Importer(815301076,1909f56bfc062723c751e8b465ee728b)  -> (artifact id: '474ef5713f62a0a430353b585673842d') in 0.130294 seconds
  Import took 0.136821 seconds .

========================================================================
Received Import Request.
  Time since last request: 8.523183 seconds.
  path: Assets/Prefabs/Book.prefab
  artifactKey: Guid(d55b711f6c35d394e8dcb3f7b5fa0ad7) Importer(815301076,1909f56bfc062723c751e8b465ee728b)
Start importing Assets/Prefabs/Book.prefab using Guid(d55b711f6c35d394e8dcb3f7b5fa0ad7) Importer(815301076,1909f56bfc062723c751e8b465ee728b)  -> (artifact id: '93a0dac2123d5501a7e38adda7dfb745') in 0.008408 seconds
  Import took 0.015040 seconds .

========================================================================
Received Import Request.
  Time since last request: 38.855922 seconds.
  path: Assets/Materials/Skybox_Mat.mat
  artifactKey: Guid(0ffaa0b7117ba8c47a9d05ae701d4b4d) Importer(815301076,1909f56bfc062723c751e8b465ee728b)
Start importing Assets/Materials/Skybox_Mat.mat using Guid(0ffaa0b7117ba8c47a9d05ae701d4b4d) Importer(815301076,1909f56bfc062723c751e8b465ee728b)  -> (artifact id: '4d54ab3375f41efad00566dcae11def2') in 0.535700 seconds
  Import took 0.541794 seconds .

========================================================================
Received Import Request.
  Time since last request: 3.684740 seconds.
  path: Assets/Materials
  artifactKey: Guid(d0234ba368eeec9418390da711bfdad0) Importer(815301076,1909f56bfc062723c751e8b465ee728b)
Start importing Assets/Materials using Guid(d0234ba368eeec9418390da711bfdad0) Importer(815301076,1909f56bfc062723c751e8b465ee728b)  -> (artifact id: 'dd1fccef896d48891410691dfde716e5') in 0.002612 seconds
  Import took 0.008591 seconds .

========================================================================
Received Import Request.
  Time since last request: 6.416860 seconds.
  path: Assets/Materials/New Material.mat
  artifactKey: Guid(d0b98ecc38b26a649a15c0080d535ccf) Importer(815301076,1909f56bfc062723c751e8b465ee728b)
Start importing Assets/Materials/New Material.mat using Guid(d0b98ecc38b26a649a15c0080d535ccf) Importer(815301076,1909f56bfc062723c751e8b465ee728b)  -> (artifact id: '8d2f5840b7860b0a26417e8512a4e789') in 0.017656 seconds
  Import took 0.024242 seconds .

========================================================================
Received Import Request.
  Time since last request: 55.249918 seconds.
  path: Assets/Materials/Book.prefab
  artifactKey: Guid(78acf3900e27b124b9c035d3c9600ff0) Importer(815301076,1909f56bfc062723c751e8b465ee728b)
Start importing Assets/Materials/Book.prefab using Guid(78acf3900e27b124b9c035d3c9600ff0) Importer(815301076,1909f56bfc062723c751e8b465ee728b)  -> (artifact id: 'dba93f40873833806fc462329423e03f') in 0.008622 seconds
  Import took 0.014602 seconds .

========================================================================
Received Import Request.
  Time since last request: 0.004113 seconds.
  path: Assets/Materials/Book.prefab
  artifactKey: Guid(78acf3900e27b124b9c035d3c9600ff0) Importer(815301076,1909f56bfc062723c751e8b465ee728b)
Start importing Assets/Materials/Book.prefab using Guid(78acf3900e27b124b9c035d3c9600ff0) Importer(815301076,1909f56bfc062723c751e8b465ee728b)  -> (artifact id: 'dba93f40873833806fc462329423e03f') in 0.008659 seconds
  Import took 0.016973 seconds .

========================================================================
Received Import Request.
  Time since last request: 85.612142 seconds.
  path: Assets/Materials/Brown.mat
  artifactKey: Guid(9bcd13f5ada40db4c90ea74e8f1797df) Importer(815301076,1909f56bfc062723c751e8b465ee728b)
Start importing Assets/Materials/Brown.mat using Guid(9bcd13f5ada40db4c90ea74e8f1797df) Importer(815301076,1909f56bfc062723c751e8b465ee728b)  -> (artifact id: '32665a35f5351171649ed7dc21f2bbe9') in 0.010068 seconds
  Import took 0.017003 seconds .

========================================================================
Received Import Request.
  Time since last request: 0.010969 seconds.
  path: Assets/Materials/Brown.mat
  artifactKey: Guid(9bcd13f5ada40db4c90ea74e8f1797df) Importer(815301076,1909f56bfc062723c751e8b465ee728b)
Start importing Assets/Materials/Brown.mat using Guid(9bcd13f5ada40db4c90ea74e8f1797df) Importer(815301076,1909f56bfc062723c751e8b465ee728b)  -> (artifact id: '32665a35f5351171649ed7dc21f2bbe9') in 0.010588 seconds
  Import took 0.018101 seconds .

========================================================================
Received Import Request.
  Time since last request: 572.934696 seconds.
  path: Assets/Prefabs/Book.prefab
  artifactKey: Guid(d55b711f6c35d394e8dcb3f7b5fa0ad7) Importer(815301076,1909f56bfc062723c751e8b465ee728b)
Start importing Assets/Prefabs/Book.prefab using Guid(d55b711f6c35d394e8dcb3f7b5fa0ad7) Importer(815301076,1909f56bfc062723c751e8b465ee728b)  -> (artifact id: '84b367944a9a5d9dfd1134c0d5caee9b') in 0.012076 seconds
  Import took 0.020018 seconds .

========================================================================
Received Import Request.
  Time since last request: 0.000302 seconds.
  path: Assets/Prefabs/box.prefab
  artifactKey: Guid(1318d11cf5bfe814fb81f4f05835cf81) Importer(815301076,1909f56bfc062723c751e8b465ee728b)
Start importing Assets/Prefabs/box.prefab using Guid(1318d11cf5bfe814fb81f4f05835cf81) Importer(815301076,1909f56bfc062723c751e8b465ee728b)  -> (artifact id: 'd6f177de1e2cc699233002ca25efc306') in 0.026711 seconds
  Import took 0.033989 seconds .

========================================================================
Received Import Request.
  Time since last request: 0.001638 seconds.
  path: Assets/Prefabs/box.prefab
  artifactKey: Guid(1318d11cf5bfe814fb81f4f05835cf81) Importer(815301076,1909f56bfc062723c751e8b465ee728b)
Start importing Assets/Prefabs/box.prefab using Guid(1318d11cf5bfe814fb81f4f05835cf81) Importer(815301076,1909f56bfc062723c751e8b465ee728b)  -> (artifact id: 'd6f177de1e2cc699233002ca25efc306') in 0.009463 seconds
  Import took 0.017767 seconds .

========================================================================
Received Import Request.
  Time since last request: 14118.974929 seconds.
  path: Assets/Prefabs/XR Rig (1).prefab
  artifactKey: Guid(dc0a34c2217b0544db29935ecf03ffdf) Importer(815301076,1909f56bfc062723c751e8b465ee728b)
Start importing Assets/Prefabs/XR Rig (1).prefab using Guid(dc0a34c2217b0544db29935ecf03ffdf) Importer(815301076,1909f56bfc062723c751e8b465ee728b)  -> (artifact id: '45740c68b8e6efed88417f4a7b7008c8') in 1.251127 seconds
  Import took 1.342135 seconds .

========================================================================
Received Import Request.
  Time since last request: 192.831338 seconds.
  path: Assets/Prefabs/Vignette.prefab
  artifactKey: Guid(5adca87289c5e7b4da25c90cfa6ad891) Importer(815301076,1909f56bfc062723c751e8b465ee728b)
Start importing Assets/Prefabs/Vignette.prefab using Guid(5adca87289c5e7b4da25c90cfa6ad891) Importer(815301076,1909f56bfc062723c751e8b465ee728b)  -> (artifact id: '835eac1d8b4d15a35b73191bb938bb60') in 0.004260 seconds
  Import took 0.013019 seconds .

========================================================================
Received Import Request.
  Time since last request: 136.350845 seconds.
  path: Assets/Scripts/Vignette.prefab
  artifactKey: Guid(f87b09e7a04db9842a2dcf66f5bc4e6c) Importer(815301076,1909f56bfc062723c751e8b465ee728b)
Start importing Assets/Scripts/Vignette.prefab using Guid(f87b09e7a04db9842a2dcf66f5bc4e6c) Importer(815301076,1909f56bfc062723c751e8b465ee728b)  -> (artifact id: '6c7f957abbeab8db65facc7a0c17500c') in 0.003918 seconds
  Import took 0.011989 seconds .

========================================================================
Received Import Request.
  Time since last request: 11.180933 seconds.
  path: Assets/Scripts/Vignette 1.prefab
  artifactKey: Guid(6c2ea5e45770f264a9b6cedbcdd19a19) Importer(815301076,1909f56bfc062723c751e8b465ee728b)
Start importing Assets/Scripts/Vignette 1.prefab using Guid(6c2ea5e45770f264a9b6cedbcdd19a19) Importer(815301076,1909f56bfc062723c751e8b465ee728b)  -> (artifact id: 'cb01652aaff5843648e538dd955bc007') in 0.034806 seconds
  Import took 0.043954 seconds .

========================================================================
Received Prepare
Registering precompiled user dll's ...
Registered in 0.526318 seconds.
Begin MonoManager ReloadAssembly
Native extension for WindowsStandalone target not found
Refreshing native plugins compatible for Editor in 0.75 ms, found 3 plugins.
Preloading 1 native plugins for Editor in 0.10 ms.
NullReferenceException: Object reference not set to an instance of an object
  at Unity.XR.Oculus.OculusLoader.AssetPathToAbsolutePath (System.String assetPath) [0x00048] in D:\OneDrive\Documents\CollegeUnity\Unity-Projects\FinalProject\Library\PackageCache\com.unity.xr.oculus@1.9.1\Runtime\OculusLoader.cs:249 
  at Unity.XR.Oculus.OculusLoader.EditorLoadOVRPlugin () [0x0007b] in D:\OneDrive\Documents\CollegeUnity\Unity-Projects\FinalProject\Library\PackageCache\com.unity.xr.oculus@1.9.1\Runtime\OculusLoader.cs:234 

(Filename: Library/PackageCache/com.unity.xr.oculus@1.9.1/Runtime/OculusLoader.cs Line: 249)

Mono: successfully reloaded assembly
- Completed reload, in  2.431 seconds
Platform modules already initialized, skipping
Shader 'Universal Render Pipeline/Particles/Lit': fallback shader 'Universal Render Pipeline/Particles/SimpleLit' not found
Shader 'Universal Render Pipeline/Particles/Lit': fallback shader 'Universal Render Pipeline/Particles/SimpleLit' not found
Refreshing native plugins compatible for Editor in 0.61 ms, found 3 plugins.
Preloading 1 native plugins for Editor in 0.09 ms.
Unloading 3394 Unused Serialized files (Serialized files now loaded: 0)
System memory in use before: 179.8 MB.
System memory in use after: 175.1 MB.

Unloading 66 unused Assets to reduce memory usage. Loaded Objects now: 4001.
Total: 6.534600 ms (FindLiveObjects: 0.407500 ms CreateObjectMapping: 0.175000 ms MarkObjects: 3.356800 ms  DeleteObjects: 2.593900 ms)

========================================================================
Received Import Request.
  Time since last request: 830.100155 seconds.
  path: Assets/Prefabs/XR Origin.prefab
  artifactKey: Guid(81f0969a646b3e34dbab12d075e91069) Importer(815301076,1909f56bfc062723c751e8b465ee728b)
Start importing Assets/Prefabs/XR Origin.prefab using Guid(81f0969a646b3e34dbab12d075e91069) Importer(815301076,1909f56bfc062723c751e8b465ee728b)  -> (artifact id: '0db3c14fa304b9144c7baad72052a934') in 0.198702 seconds
  Import took 0.208014 seconds .

========================================================================
Received Import Request.
  Time since last request: 247.997417 seconds.
  path: Assets/Scripts
  artifactKey: Guid(02a3527b6b33a924e8ec66aa805ea717) Importer(815301076,1909f56bfc062723c751e8b465ee728b)
Start importing Assets/Scripts using Guid(02a3527b6b33a924e8ec66aa805ea717) Importer(815301076,1909f56bfc062723c751e8b465ee728b)  -> (artifact id: 'f0a913a0049096cde5d6a727232f232f') in 0.002983 seconds
  Import took 0.012298 seconds .

========================================================================
Received Import Request.
  Time since last request: 0.000908 seconds.
  path: Assets/Scripts
  artifactKey: Guid(02a3527b6b33a924e8ec66aa805ea717) Importer(815301076,1909f56bfc062723c751e8b465ee728b)
Start importing Assets/Scripts using Guid(02a3527b6b33a924e8ec66aa805ea717) Importer(815301076,1909f56bfc062723c751e8b465ee728b)  -> (artifact id: 'f0a913a0049096cde5d6a727232f232f') in 0.001827 seconds
  Import took 0.010552 seconds .

========================================================================
Received Import Request.
  Time since last request: 21.094457 seconds.
  path: Assets/Scripts/FireScript.cs
  artifactKey: Guid(cc005644bce0683499b3e997ee4417a0) Importer(815301076,1909f56bfc062723c751e8b465ee728b)
Start importing Assets/Scripts/FireScript.cs using Guid(cc005644bce0683499b3e997ee4417a0) Importer(815301076,1909f56bfc062723c751e8b465ee728b)  -> (artifact id: '4991565582702e6ff41520a4ed4355cc') in 0.011101 seconds
  Import took 0.017939 seconds .

========================================================================
Received Prepare
Registering precompiled user dll's ...
Registered in 0.004076 seconds.
Begin MonoManager ReloadAssembly
Native extension for WindowsStandalone target not found
Refreshing native plugins compatible for Editor in 1.37 ms, found 3 plugins.
Preloading 1 native plugins for Editor in 0.13 ms.
NullReferenceException: Object reference not set to an instance of an object
  at Unity.XR.Oculus.OculusLoader.AssetPathToAbsolutePath (System.String assetPath) [0x00048] in D:\OneDrive\Documents\CollegeUnity\Unity-Projects\FinalProject\Library\PackageCache\com.unity.xr.oculus@1.9.1\Runtime\OculusLoader.cs:249 
  at Unity.XR.Oculus.OculusLoader.EditorLoadOVRPlugin () [0x0007b] in D:\OneDrive\Documents\CollegeUnity\Unity-Projects\FinalProject\Library\PackageCache\com.unity.xr.oculus@1.9.1\Runtime\OculusLoader.cs:234 

(Filename: Library/PackageCache/com.unity.xr.oculus@1.9.1/Runtime/OculusLoader.cs Line: 249)

Mono: successfully reloaded assembly
- Completed reload, in  1.318 seconds
Platform modules already initialized, skipping
Shader 'Universal Render Pipeline/Particles/Lit': fallback shader 'Universal Render Pipeline/Particles/SimpleLit' not found
Shader 'Universal Render Pipeline/Particles/Lit': fallback shader 'Universal Render Pipeline/Particles/SimpleLit' not found
Refreshing native plugins compatible for Editor in 0.65 ms, found 3 plugins.
Preloading 1 native plugins for Editor in 0.09 ms.
Unloading 3395 Unused Serialized files (Serialized files now loaded: 0)
System memory in use before: 179.8 MB.
System memory in use after: 175.1 MB.

Unloading 65 unused Assets to reduce memory usage. Loaded Objects now: 4006.
Total: 6.103800 ms (FindLiveObjects: 0.431500 ms CreateObjectMapping: 0.213800 ms MarkObjects: 2.581500 ms  DeleteObjects: 2.875600 ms)

========================================================================
Received Prepare
Registering precompiled user dll's ...
Registered in 0.308515 seconds.
Begin MonoManager ReloadAssembly
Native extension for WindowsStandalone target not found
Refreshing native plugins compatible for Editor in 0.72 ms, found 3 plugins.
Preloading 1 native plugins for Editor in 0.20 ms.
NullReferenceException: Object reference not set to an instance of an object
  at Unity.XR.Oculus.OculusLoader.AssetPathToAbsolutePath (System.String assetPath) [0x00048] in D:\OneDrive\Documents\CollegeUnity\Unity-Projects\FinalProject\Library\PackageCache\com.unity.xr.oculus@1.9.1\Runtime\OculusLoader.cs:249 
  at Unity.XR.Oculus.OculusLoader.EditorLoadOVRPlugin () [0x0007b] in D:\OneDrive\Documents\CollegeUnity\Unity-Projects\FinalProject\Library\PackageCache\com.unity.xr.oculus@1.9.1\Runtime\OculusLoader.cs:234 

(Filename: Library/PackageCache/com.unity.xr.oculus@1.9.1/Runtime/OculusLoader.cs Line: 249)

Mono: successfully reloaded assembly
- Completed reload, in 10.229 seconds
Platform modules already initialized, skipping
Shader 'Universal Render Pipeline/Particles/Lit': fallback shader 'Universal Render Pipeline/Particles/SimpleLit' not found
Shader 'Universal Render Pipeline/Particles/Lit': fallback shader 'Universal Render Pipeline/Particles/SimpleLit' not found
Refreshing native plugins compatible for Editor in 0.62 ms, found 3 plugins.
Preloading 1 native plugins for Editor in 0.26 ms.
Unloading 3395 Unused Serialized files (Serialized files now loaded: 0)
System memory in use before: 180.0 MB.
System memory in use after: 175.1 MB.

Unloading 65 unused Assets to reduce memory usage. Loaded Objects now: 4010.
Total: 8.775900 ms (FindLiveObjects: 0.793700 ms CreateObjectMapping: 0.446600 ms MarkObjects: 4.105100 ms  DeleteObjects: 3.428300 ms)

========================================================================
Received Import Request.
  Time since last request: 1367.126263 seconds.
  path: Assets/Scripts/FireScript.cs
  artifactKey: Guid(cc005644bce0683499b3e997ee4417a0) Importer(815301076,1909f56bfc062723c751e8b465ee728b)
Start importing Assets/Scripts/FireScript.cs using Guid(cc005644bce0683499b3e997ee4417a0) Importer(815301076,1909f56bfc062723c751e8b465ee728b)  -> (artifact id: '2f0f4bcf0dfd4bd0502bb0c7d7e0fc7e') in 0.009114 seconds
  Import took 0.040789 seconds .

========================================================================
Received Prepare
Registering precompiled user dll's ...
Registered in 0.326277 seconds.
Begin MonoManager ReloadAssembly
Native extension for WindowsStandalone target not found
Refreshing native plugins compatible for Editor in 0.71 ms, found 3 plugins.
Preloading 1 native plugins for Editor in 0.10 ms.
NullReferenceException: Object reference not set to an instance of an object
  at Unity.XR.Oculus.OculusLoader.AssetPathToAbsolutePath (System.String assetPath) [0x00048] in D:\OneDrive\Documents\CollegeUnity\Unity-Projects\FinalProject\Library\PackageCache\com.unity.xr.oculus@1.9.1\Runtime\OculusLoader.cs:249 
  at Unity.XR.Oculus.OculusLoader.EditorLoadOVRPlugin () [0x0007b] in D:\OneDrive\Documents\CollegeUnity\Unity-Projects\FinalProject\Library\PackageCache\com.unity.xr.oculus@1.9.1\Runtime\OculusLoader.cs:234 

(Filename: Library/PackageCache/com.unity.xr.oculus@1.9.1/Runtime/OculusLoader.cs Line: 249)

Mono: successfully reloaded assembly
- Completed reload, in  7.693 seconds
Platform modules already initialized, skipping
Shader 'Universal Render Pipeline/Particles/Lit': fallback shader 'Universal Render Pipeline/Particles/SimpleLit' not found
Shader 'Universal Render Pipeline/Particles/Lit': fallback shader 'Universal Render Pipeline/Particles/SimpleLit' not found
Refreshing native plugins compatible for Editor in 0.85 ms, found 3 plugins.
Preloading 1 native plugins for Editor in 0.12 ms.
Unloading 3395 Unused Serialized files (Serialized files now loaded: 0)
System memory in use before: 180.0 MB.
System memory in use after: 175.2 MB.

Unloading 65 unused Assets to reduce memory usage. Loaded Objects now: 4014.
Total: 67.517400 ms (FindLiveObjects: 0.358800 ms CreateObjectMapping: 0.153000 ms MarkObjects: 64.188900 ms  DeleteObjects: 2.815000 ms)

========================================================================
Received Prepare
Registering precompiled user dll's ...
Registered in 1.312041 seconds.
Begin MonoManager ReloadAssembly
Native extension for WindowsStandalone target not found
Refreshing native plugins compatible for Editor in 0.86 ms, found 3 plugins.
Preloading 1 native plugins for Editor in 0.14 ms.
NullReferenceException: Object reference not set to an instance of an object
  at Unity.XR.Oculus.OculusLoader.AssetPathToAbsolutePath (System.String assetPath) [0x00048] in D:\OneDrive\Documents\CollegeUnity\Unity-Projects\FinalProject\Library\PackageCache\com.unity.xr.oculus@1.9.1\Runtime\OculusLoader.cs:249 
  at Unity.XR.Oculus.OculusLoader.EditorLoadOVRPlugin () [0x0007b] in D:\OneDrive\Documents\CollegeUnity\Unity-Projects\FinalProject\Library\PackageCache\com.unity.xr.oculus@1.9.1\Runtime\OculusLoader.cs:234 

(Filename: Library/PackageCache/com.unity.xr.oculus@1.9.1/Runtime/OculusLoader.cs Line: 249)

Mono: successfully reloaded assembly
- Completed reload, in  2.387 seconds
Platform modules already initialized, skipping
Shader 'Universal Render Pipeline/Particles/Lit': fallback shader 'Universal Render Pipeline/Particles/SimpleLit' not found
Shader 'Universal Render Pipeline/Particles/Lit': fallback shader 'Universal Render Pipeline/Particles/SimpleLit' not found
Refreshing native plugins compatible for Editor in 0.60 ms, found 3 plugins.
Preloading 1 native plugins for Editor in 0.15 ms.
Unloading 3395 Unused Serialized files (Serialized files now loaded: 0)
System memory in use before: 179.9 MB.
System memory in use after: 175.2 MB.

Unloading 65 unused Assets to reduce memory usage. Loaded Objects now: 4018.
Total: 5.952800 ms (FindLiveObjects: 0.577200 ms CreateObjectMapping: 0.314800 ms MarkObjects: 2.250800 ms  DeleteObjects: 2.808200 ms)

========================================================================
Received Prepare
Registering precompiled user dll's ...
Registered in 0.003980 seconds.
Begin MonoManager ReloadAssembly
Native extension for WindowsStandalone target not found
Refreshing native plugins compatible for Editor in 1.04 ms, found 3 plugins.
Preloading 1 native plugins for Editor in 0.13 ms.
NullReferenceException: Object reference not set to an instance of an object
  at Unity.XR.Oculus.OculusLoader.AssetPathToAbsolutePath (System.String assetPath) [0x00048] in D:\OneDrive\Documents\CollegeUnity\Unity-Projects\FinalProject\Library\PackageCache\com.unity.xr.oculus@1.9.1\Runtime\OculusLoader.cs:249 
  at Unity.XR.Oculus.OculusLoader.EditorLoadOVRPlugin () [0x0007b] in D:\OneDrive\Documents\CollegeUnity\Unity-Projects\FinalProject\Library\PackageCache\com.unity.xr.oculus@1.9.1\Runtime\OculusLoader.cs:234 

(Filename: Library/PackageCache/com.unity.xr.oculus@1.9.1/Runtime/OculusLoader.cs Line: 249)

Mono: successfully reloaded assembly
- Completed reload, in  1.506 seconds
Platform modules already initialized, skipping
Shader 'Universal Render Pipeline/Particles/Lit': fallback shader 'Universal Render Pipeline/Particles/SimpleLit' not found
Shader 'Universal Render Pipeline/Particles/Lit': fallback shader 'Universal Render Pipeline/Particles/SimpleLit' not found
Refreshing native plugins compatible for Editor in 0.68 ms, found 3 plugins.
Preloading 1 native plugins for Editor in 0.09 ms.
Unloading 3396 Unused Serialized files (Serialized files now loaded: 0)
System memory in use before: 179.9 MB.
System memory in use after: 175.2 MB.

Unloading 65 unused Assets to reduce memory usage. Loaded Objects now: 4023.
Total: 6.785000 ms (FindLiveObjects: 0.483000 ms CreateObjectMapping: 0.238200 ms MarkObjects: 3.179300 ms  DeleteObjects: 2.883300 ms)

========================================================================
Received Prepare
Registering precompiled user dll's ...
Registered in 0.003410 seconds.
Begin MonoManager ReloadAssembly
Native extension for WindowsStandalone target not found
Refreshing native plugins compatible for Editor in 0.61 ms, found 3 plugins.
Preloading 1 native plugins for Editor in 0.10 ms.
NullReferenceException: Object reference not set to an instance of an object
  at Unity.XR.Oculus.OculusLoader.AssetPathToAbsolutePath (System.String assetPath) [0x00048] in D:\OneDrive\Documents\CollegeUnity\Unity-Projects\FinalProject\Library\PackageCache\com.unity.xr.oculus@1.9.1\Runtime\OculusLoader.cs:249 
  at Unity.XR.Oculus.OculusLoader.EditorLoadOVRPlugin () [0x0007b] in D:\OneDrive\Documents\CollegeUnity\Unity-Projects\FinalProject\Library\PackageCache\com.unity.xr.oculus@1.9.1\Runtime\OculusLoader.cs:234 

(Filename: Library/PackageCache/com.unity.xr.oculus@1.9.1/Runtime/OculusLoader.cs Line: 249)

Mono: successfully reloaded assembly
- Completed reload, in  1.900 seconds
Platform modules already initialized, skipping
Shader 'Universal Render Pipeline/Particles/Lit': fallback shader 'Universal Render Pipeline/Particles/SimpleLit' not found
Shader 'Universal Render Pipeline/Particles/Lit': fallback shader 'Universal Render Pipeline/Particles/SimpleLit' not found
Refreshing native plugins compatible for Editor in 0.58 ms, found 3 plugins.
Preloading 1 native plugins for Editor in 0.14 ms.
Unloading 3396 Unused Serialized files (Serialized files now loaded: 0)
System memory in use before: 179.9 MB.
System memory in use after: 175.2 MB.

Unloading 65 unused Assets to reduce memory usage. Loaded Objects now: 4027.
Total: 5.771400 ms (FindLiveObjects: 0.359200 ms CreateObjectMapping: 0.297100 ms MarkObjects: 2.174700 ms  DeleteObjects: 2.939600 ms)

========================================================================
Received Import Request.
  Time since last request: 9228.986560 seconds.
  path: Assets/Scripts/CloseScript.cs
  artifactKey: Guid(3f83b54900d6d534ea8275a86bb9566c) Importer(815301076,1909f56bfc062723c751e8b465ee728b)
Start importing Assets/Scripts/CloseScript.cs using Guid(3f83b54900d6d534ea8275a86bb9566c) Importer(815301076,1909f56bfc062723c751e8b465ee728b)  -> (artifact id: '3f7fff2104d20091fecb6d8ed13c6084') in 0.008090 seconds
  Import took 0.031314 seconds .

========================================================================
Received Prepare
Registering precompiled user dll's ...
Registered in 0.005683 seconds.
Begin MonoManager ReloadAssembly
Native extension for WindowsStandalone target not found
Refreshing native plugins compatible for Editor in 0.64 ms, found 3 plugins.
Preloading 1 native plugins for Editor in 0.10 ms.
NullReferenceException: Object reference not set to an instance of an object
  at Unity.XR.Oculus.OculusLoader.AssetPathToAbsolutePath (System.String assetPath) [0x00048] in D:\OneDrive\Documents\CollegeUnity\Unity-Projects\FinalProject\Library\PackageCache\com.unity.xr.oculus@1.9.1\Runtime\OculusLoader.cs:249 
  at Unity.XR.Oculus.OculusLoader.EditorLoadOVRPlugin () [0x0007b] in D:\OneDrive\Documents\CollegeUnity\Unity-Projects\FinalProject\Library\PackageCache\com.unity.xr.oculus@1.9.1\Runtime\OculusLoader.cs:234 

(Filename: Library/PackageCache/com.unity.xr.oculus@1.9.1/Runtime/OculusLoader.cs Line: 249)

Mono: successfully reloaded assembly
- Completed reload, in  1.823 seconds
Platform modules already initialized, skipping
Shader 'Universal Render Pipeline/Particles/Lit': fallback shader 'Universal Render Pipeline/Particles/SimpleLit' not found
Shader 'Universal Render Pipeline/Particles/Lit': fallback shader 'Universal Render Pipeline/Particles/SimpleLit' not found
Refreshing native plugins compatible for Editor in 0.63 ms, found 3 plugins.
Preloading 1 native plugins for Editor in 0.09 ms.
Unloading 3396 Unused Serialized files (Serialized files now loaded: 0)
System memory in use before: 180.0 MB.
System memory in use after: 175.2 MB.

Unloading 65 unused Assets to reduce memory usage. Loaded Objects now: 4031.
Total: 6.802200 ms (FindLiveObjects: 0.969200 ms CreateObjectMapping: 0.371200 ms MarkObjects: 2.603300 ms  DeleteObjects: 2.856900 ms)

========================================================================
Received Import Request.
  Time since last request: 385.128062 seconds.
  path: Assets/Scripts/CloseScript.cs
  artifactKey: Guid(3f83b54900d6d534ea8275a86bb9566c) Importer(815301076,1909f56bfc062723c751e8b465ee728b)
Start importing Assets/Scripts/CloseScript.cs using Guid(3f83b54900d6d534ea8275a86bb9566c) Importer(815301076,1909f56bfc062723c751e8b465ee728b)  -> (artifact id: '8f534abeeac296964a968cbe4977a298') in 0.006786 seconds
  Import took 0.015096 seconds .

AssetImportWorkerClient::OnTransportError - code=2 error=End of file
